2023-09-21 21:04:39.350 [info] Extension host with pid 4188 started
2023-09-21 21:04:39.923 [info] ExtensionService#_doActivateExtension vscode.github-authentication, startup: false, activationEvent: 'onAuthenticationRequest:github'
2023-09-21 21:04:40.995 [info] ExtensionService#_doActivateExtension vscode.git-base, startup: true, activationEvent: '*', root cause: vscode.git
2023-09-21 21:04:41.183 [info] ExtensionService#_doActivateExtension vscode.git, startup: true, activationEvent: '*'
2023-09-21 21:04:41.509 [info] ExtensionService#_doActivateExtension vscode.github, startup: true, activationEvent: '*'
2023-09-21 21:05:39.792 [info] Eager extensions activated
2023-09-21 21:05:39.820 [info] ExtensionService#_doActivateExtension vscode.debug-auto-launch, startup: false, activationEvent: 'onStartupFinished'
2023-09-21 21:05:39.986 [info] ExtensionService#_doActivateExtension vscode.merge-conflict, startup: false, activationEvent: 'onStartupFinished'
2023-09-21 21:05:40.334 [info] ExtensionService#_doActivateExtension vscode.microsoft-authentication, startup: false, activationEvent: 'onAuthenticationRequest:microsoft'
2023-09-21 21:06:43.689 [info] Extension host terminating: renderer closed the MessagePort
2023-09-21 21:06:48.707 [info] Extension host with pid 4188 exiting with code 0
2023-09-21 21:06:49.319 [info] Extension host with pid 4396 started
2023-09-21 21:06:49.323 [info] Skipping acquiring lock for /home/vboxuser/.config/Code/User/workspaceStorage/dc12d01a38bda3243a615073dee2764f.
2023-09-21 21:06:49.382 [info] ExtensionService#_doActivateExtension vscode.github-authentication, startup: false, activationEvent: 'onAuthenticationRequest:github'
2023-09-21 21:06:49.529 [info] ExtensionService#_doActivateExtension vscode.git-base, startup: true, activationEvent: '*'
2023-09-21 21:06:49.574 [info] ExtensionService#_doActivateExtension vscode.github, startup: true, activationEvent: '*'
2023-09-21 21:06:49.738 [info] Eager extensions activated
2023-09-21 21:06:49.781 [info] ExtensionService#_doActivateExtension vscode.debug-auto-launch, startup: false, activationEvent: 'onStartupFinished'
2023-09-21 21:06:49.821 [info] ExtensionService#_doActivateExtension vscode.merge-conflict, startup: false, activationEvent: 'onStartupFinished'
2023-09-21 21:06:50.534 [info] ExtensionService#_doActivateExtension vscode.microsoft-authentication, startup: false, activationEvent: 'onAuthenticationRequest:microsoft'
2023-09-21 21:06:52.169 [info] ExtensionService#_doActivateExtension vscode.git, startup: false, activationEvent: 'api', root cause: vscode.github
2023-09-21 21:07:22.438 [info] Extension host terminating: renderer closed the MessagePort
2023-09-21 21:07:27.449 [info] Extension host with pid 4396 exiting with code 0
