2023-09-21 21:04:31.867 [info] Added views:workbench.panel.markers.view in workbench.panel.markers
2023-09-21 21:04:31.889 [info] Added views:workbench.panel.output in workbench.panel.output
2023-09-21 21:04:31.895 [info] Added views:terminal in terminal
2023-09-21 21:04:31.910 [info] Added views:outline in workbench.view.explorer
2023-09-21 21:04:31.911 [info] Added views:workbench.scm in workbench.view.scm
2023-09-21 21:04:31.913 [info] Added views:workbench.view.search in workbench.view.search
2023-09-21 21:04:31.913 [info] Added views:timeline in workbench.view.explorer
2023-09-21 21:04:31.915 [info] Added views:workbench.explorer.emptyView in workbench.view.explorer
2023-09-21 21:04:32.519 [info] Added views:workbench.debug.variablesView,workbench.debug.watchExpressionsView,workbench.debug.callStackView,workbench.debug.breakPointsView in workbench.view.debug
2023-09-21 21:04:39.165 [info] Added views:~remote.forwardedPorts in ~remote.forwardedPortsContainer
2023-09-21 21:04:39.924 [info] Added views:workbench.panel.repl.view in workbench.panel.repl
2023-09-21 21:04:39.977 [info] Removed views:workbench.debug.breakPointsView,workbench.debug.callStackView,workbench.debug.watchExpressionsView,workbench.debug.variablesView from workbench.view.debug
2023-09-21 21:04:39.984 [info] Added views:workbench.debug.welcome in workbench.view.debug
2023-09-21 21:06:45.265 [info] Added views:workbench.panel.markers.view in workbench.panel.markers
2023-09-21 21:06:45.265 [info] Added views:workbench.panel.output in workbench.panel.output
2023-09-21 21:06:45.265 [info] Added views:terminal in terminal
2023-09-21 21:06:45.265 [info] Added views:outline in workbench.view.explorer
2023-09-21 21:06:45.266 [info] Added views:workbench.scm in workbench.view.scm
2023-09-21 21:06:45.266 [info] Added views:workbench.view.search in workbench.view.search
2023-09-21 21:06:45.266 [info] Added views:timeline in workbench.view.explorer
2023-09-21 21:06:45.267 [info] Added views:workbench.explorer.fileView in workbench.view.explorer
2023-09-21 21:06:46.091 [info] Added views:workbench.debug.variablesView,workbench.debug.watchExpressionsView,workbench.debug.callStackView,workbench.debug.breakPointsView in workbench.view.debug
2023-09-21 21:06:47.061 [info] Added views:~remote.forwardedPorts in ~remote.forwardedPortsContainer
2023-09-21 21:06:49.665 [info] Added views:workbench.panel.repl.view in workbench.panel.repl
2023-09-21 21:06:49.674 [info] Removed views:workbench.debug.breakPointsView,workbench.debug.callStackView,workbench.debug.watchExpressionsView,workbench.debug.variablesView from workbench.view.debug
2023-09-21 21:06:49.680 [info] Added views:workbench.debug.welcome in workbench.view.debug
